<?xml version="1.0" encoding="UTF-8"?>
<!-- Generated by org.testng.reporters.JUnitXMLReporter -->
<testsuite ignored="0" hostname="DESKTOP-HS9EPSU" failures="0" tests="4" name="Invalid_cerdationals" time="109.209" errors="0" timestamp="2023-12-07T19:42:35 IST">
  <testcase classname="testcases.Tc_010_invalid_checkin" name="invalidcheckin" time="2.684"/>
  <testcase classname="testcases.Tc_011_invalid_flightstatus" name="invalidflightstatus" time="4.616"/>
  <testcase classname="testcases.Tc_012_invalid_managebooking" name="invalidmanagebooking" time="2.456"/>
  <testcase classname="testcases.Tc_014_invalid_roundtrip_page" name="invalidroundtrip" time="4.465"/>
</testsuite> <!-- Invalid_cerdationals -->
