<?xml version="1.0" encoding="UTF-8"?>
<!-- Generated by org.testng.reporters.JUnitXMLReporter -->
<testsuite ignored="0" hostname="DESKTOP-HS9EPSU" failures="0" tests="6" name="login_signup_page" time="406.478" errors="0" timestamp="2023-12-07T19:37:14 IST">
  <testcase classname="testcases.Tc_001_valid_signup_page" name="validsignuppage" time="13.663"/>
  <testcase classname="testcases.Tc_002_invalid_signup_page" name="invalidsignuppage" time="16.419"/>
  <testcase classname="testcases.Tc_003_valid_loginpage" name="validloginpage" time="3.83"/>
  <testcase classname="testcases.Tc_004_invalid_login_page" name="invalidloginpage" time="3.436"/>
  <testcase classname="testcases.Tc_005_valid_onewaytrip" name="validonewaytip" time="111.802"/>
  <testcase classname="testcases.Tc_006_valid_roundtrip" name="validroundtrip" time="147.218"/>
</testsuite> <!-- login_signup_page -->
