<?xml version="1.0" encoding="UTF-8"?>
<!-- Generated by org.testng.reporters.JUnitXMLReporter -->
<testsuite ignored="0" hostname="DESKTOP-HS9EPSU" failures="1" tests="1" name="Test2" time="41.779" errors="0" timestamp="2023-12-07T11:13:34 IST">
  <testcase classname="testcases.Tc_003_valid_loginpage" name="validloginpage" time="11.956">
    <failure type="org.openqa.selenium.WebDriverException" message="target frame detached
  (failed to check if window was closed: disconnected: unable to send message to renderer)
  (Session info: MicrosoftEdge=119.0.2151.97)
Build info: version: &amp;apos;4.11.0&amp;apos;, revision: &amp;apos;040bc5406b&amp;apos;
System info: os.name: &amp;apos;Windows 10&amp;apos;, os.arch: &amp;apos;amd64&amp;apos;, os.version: &amp;apos;10.0&amp;apos;, java.version: &amp;apos;17.0.8&amp;apos;
Driver info: org.openqa.selenium.edge.EdgeDriver
Command: [38f0308e8969b1518de18b87f6b141e4, sendKeysToElement {id=D9EC1EF138B9A844206BD04EF33B7336_element_1466, value=[Ljava.lang.CharSequence;@1ddc6db2}]
Capabilities {acceptInsecureCerts: false, browserName: msedge, browserVersion: 119.0.2151.97, fedcm:accounts: true, ms:edgeOptions: {debuggerAddress: localhost:64538}, msedge: {msedgedriverVersion: 119.0.2151.97 (42f50dec8b7a..., userDataDir: C:\Users\Dell\AppData\Local...}, networkConnectionEnabled: false, pageLoadStrategy: normal, platformName: windows, proxy: Proxy(), se:cdp: ws://localhost:64538/devtoo..., se:cdpVersion: 119.0.2151.97, setWindowRect: true, strictFileInteractability: false, timeouts: {implicit: 0, pageLoad: 300000, script: 30000}, unhandledPromptBehavior: dismiss and notify, webauthn:extension:credBlob: true, webauthn:extension:largeBlob: true, webauthn:extension:minPinLength: true, webauthn:extension:prf: true, webauthn:virtualAuthenticators: true}
Element: [[EdgeDriver: msedge on windows (38f0308e8969b1518de18b87f6b141e4)] -&amp;gt; xpath: //input[@type=&amp;apos;email&amp;apos;]]
Session ID: 38f0308e8969b1518de18b87f6b141e4">
      <![CDATA[org.openqa.selenium.WebDriverException: target frame detached
  (failed to check if window was closed: disconnected: unable to send message to renderer)
  (Session info: MicrosoftEdge=119.0.2151.97)
Build info: version: '4.11.0', revision: '040bc5406b'
System info: os.name: 'Windows 10', os.arch: 'amd64', os.version: '10.0', java.version: '17.0.8'
Driver info: org.openqa.selenium.edge.EdgeDriver
Command: [38f0308e8969b1518de18b87f6b141e4, sendKeysToElement {id=D9EC1EF138B9A844206BD04EF33B7336_element_1466, value=[Ljava.lang.CharSequence;@1ddc6db2}]
Capabilities {acceptInsecureCerts: false, browserName: msedge, browserVersion: 119.0.2151.97, fedcm:accounts: true, ms:edgeOptions: {debuggerAddress: localhost:64538}, msedge: {msedgedriverVersion: 119.0.2151.97 (42f50dec8b7a..., userDataDir: C:\Users\Dell\AppData\Local...}, networkConnectionEnabled: false, pageLoadStrategy: normal, platformName: windows, proxy: Proxy(), se:cdp: ws://localhost:64538/devtoo..., se:cdpVersion: 119.0.2151.97, setWindowRect: true, strictFileInteractability: false, timeouts: {implicit: 0, pageLoad: 300000, script: 30000}, unhandledPromptBehavior: dismiss and notify, webauthn:extension:credBlob: true, webauthn:extension:largeBlob: true, webauthn:extension:minPinLength: true, webauthn:extension:prf: true, webauthn:virtualAuthenticators: true}
Element: [[EdgeDriver: msedge on windows (38f0308e8969b1518de18b87f6b141e4)] -> xpath: //input[@type='email']]
Session ID: 38f0308e8969b1518de18b87f6b141e4
at org.openqa.selenium.remote.codec.w3c.W3CHttpResponseCodec.createException(W3CHttpResponseCodec.java:200)
at org.openqa.selenium.remote.codec.w3c.W3CHttpResponseCodec.decode(W3CHttpResponseCodec.java:133)
at org.openqa.selenium.remote.codec.w3c.W3CHttpResponseCodec.decode(W3CHttpResponseCodec.java:52)
at org.openqa.selenium.remote.HttpCommandExecutor.execute(HttpCommandExecutor.java:191)
at org.openqa.selenium.remote.service.DriverCommandExecutor.invokeExecute(DriverCommandExecutor.java:196)
at org.openqa.selenium.remote.service.DriverCommandExecutor.execute(DriverCommandExecutor.java:171)
at org.openqa.selenium.remote.RemoteWebDriver.execute(RemoteWebDriver.java:518)
at org.openqa.selenium.remote.RemoteWebElement.execute(RemoteWebElement.java:224)
at org.openqa.selenium.remote.RemoteWebElement.sendKeys(RemoteWebElement.java:111)
at org.openqa.selenium.support.pagefactory.internal.LocatingElementHandler.invoke(LocatingElementHandler.java:51)
at jdk.proxy2/jdk.proxy2.$Proxy17.sendKeys(Unknown Source)
at spicejet_ultility.Spicejet_ultility_class.sendkeys(Spicejet_ultility_class.java:56)
at spicejet_pages.Spicejet_login_page.Email_login(Spicejet_login_page.java:27)
at testcases.Tc_003_valid_loginpage.validloginpage(Tc_003_valid_loginpage.java:16)
at java.base/java.util.ArrayList.forEach(ArrayList.java:1511)
... Removed 36 stack frames]]>
    </failure>
  </testcase> <!-- validloginpage -->
</testsuite> <!-- Test2 -->
