<?xml version="1.0" encoding="UTF-8"?>
<!-- Generated by org.testng.reporters.JUnitXMLReporter -->
<testsuite ignored="0" hostname="DESKTOP-HS9EPSU" failures="0" tests="4" name="valid_booking_passengers_carddetails" time="211.085" errors="0" timestamp="2023-12-07T19:40:45 IST">
  <testcase classname="testcases.Tc_007_valid_check_in" name="validcheckin" time="3.419"/>
  <testcase classname="testcases.Tc_008_valid_flightstatus" name="validflightstatus" time="7.137"/>
  <testcase classname="testcases.Tc_009_valid_managebooking" name="validmanagebooking" time="3.649"/>
  <testcase classname="testcases.Tc_013_onewaytrip_invalid_cardpayements" name="invalid_onewaytrip_cardpayements" time="121.295"/>
</testsuite> <!-- valid_booking_passengers_carddetails -->
