<?xml version="1.0" encoding="UTF-8"?>
<!-- Generated by org.testng.reporters.JUnitXMLReporter -->
<testsuite ignored="0" hostname="DESKTOP-HS9EPSU" failures="1" tests="1" name="Test" time="30.371" errors="0" timestamp="2023-12-01T18:11:50 IST">
  <testcase classname="spice_jet_base.Spice_jet_base_class" name="@AfterMethod browserclose" time="0.003">
    <failure type="java.lang.NullPointerException" message="Cannot invoke &amp;quot;org.openqa.selenium.WebDriver.quit()&amp;quot; because &amp;quot;this.driver&amp;quot; is null">
      <![CDATA[java.lang.NullPointerException: Cannot invoke "org.openqa.selenium.WebDriver.quit()" because "this.driver" is null
at spice_jet_utlilty.Spice_jet_utlility_class.closebrowser(Spice_jet_utlility_class.java:56)
at spice_jet_base.Spice_jet_base_class.browserclose(Spice_jet_base_class.java:19)
at java.base/java.util.ArrayList.forEach(ArrayList.java:1511)
... Removed 32 stack frames]]>
    </failure>
  </testcase> <!-- @AfterMethod browserclose -->
  <testcase classname="spice_jet_test_cases.Spice_jet_valaidate_login_testcase" name="logintest" time="0.055">
    <failure type="java.lang.IllegalArgumentException" message="Input must be set">
      <![CDATA[java.lang.IllegalArgumentException: Input must be set
at org.openqa.selenium.internal.Require.nonNull(Require.java:60)
at org.openqa.selenium.support.ui.FluentWait.<init>(FluentWait.java:94)
at org.openqa.selenium.support.ui.WebDriverWait.<init>(WebDriverWait.java:74)
at org.openqa.selenium.support.ui.WebDriverWait.<init>(WebDriverWait.java:43)
at spice_jet_utlilty.Spice_jet_utlility_class.click(Spice_jet_utlility_class.java:35)
at spice_jet_pages.Spice_jet_home_page.loginclick(Spice_jet_home_page.java:19)
at spice_jet_test_cases.Spice_jet_valaidate_login_testcase.logintest(Spice_jet_valaidate_login_testcase.java:13)
at java.base/java.util.ArrayList.forEach(ArrayList.java:1511)
... Removed 27 stack frames]]>
    </failure>
  </testcase> <!-- logintest -->
</testsuite> <!-- Test -->
